INFO: [VRFC 10-163] Analyzing VHDL file "/home/alois/Music/esp32_spi_trials/Basys_3/fpga_spi_slave_simple/fpga/spi_slave_simple.srcs/sources_1/new/spi_slave_simple.vhd" into library xil_defaultlib
INFO: [VRFC 10-307] analyzing entity spi_slave_simple
INFO: [VRFC 10-163] Analyzing VHDL file "/home/alois/Music/esp32_spi_trials/Basys_3/fpga_spi_slave_simple/fpga/spi_slave_simple.srcs/sources_1/new/synchronizer.vhd" into library xil_defaultlib
INFO: [VRFC 10-307] analyzing entity synchronizer
INFO: [VRFC 10-163] Analyzing VHDL file "/home/alois/Music/esp32_spi_trials/Basys_3/fpga_spi_slave_simple/fpga/spi_slave_simple.srcs/sources_1/new/led_top.vhd" into library xil_defaultlib
INFO: [VRFC 10-307] analyzing entity led_top
INFO: [VRFC 10-163] Analyzing VHDL file "/home/alois/Music/esp32_spi_trials/Basys_3/fpga_spi_slave_simple/fpga/spi_slave_simple.srcs/sim_1/new/tb_led_top.vhd" into library xil_defaultlib
INFO: [VRFC 10-307] analyzing entity tb_led_top
INFO: [VRFC 10-163] Analyzing VHDL file "/home/alois/Music/esp32_spi_trials/Basys_3/fpga_spi_slave_simple/fpga/spi_slave_simple.srcs/sim_1/new/tb_led_top.vhd" into library xil_defaultlib
INFO: [VRFC 10-307] analyzing entity tb_led_top
INFO: [VRFC 10-163] Analyzing VHDL file "/home/alois/Music/esp32_spi_trials/Basys_3/fpga_spi_slave_simple/fpga/spi_slave_simple.srcs/sim_1/new/tb_led_top.vhd" into library xil_defaultlib
INFO: [VRFC 10-307] analyzing entity tb_led_top
INFO: [VRFC 10-163] Analyzing VHDL file "/home/alois/Music/esp32_spi_trials/Basys_3/fpga_spi_slave_simple/fpga/spi_slave_simple.srcs/sim_1/new/tb_led_top.vhd" into library xil_defaultlib
INFO: [VRFC 10-307] analyzing entity tb_led_top
INFO: [VRFC 10-163] Analyzing VHDL file "/home/alois/Music/esp32_spi_trials/Basys_3/fpga_spi_slave_simple/fpga/spi_slave_simple.srcs/sim_1/new/tb_led_top.vhd" into library xil_defaultlib
INFO: [VRFC 10-307] analyzing entity tb_led_top
INFO: [VRFC 10-163] Analyzing VHDL file "/home/alois/Music/esp32_spi_trials/Basys_3/fpga_spi_slave_simple/fpga/spi_slave_simple.srcs/sim_1/new/tb_led_top.vhd" into library xil_defaultlib
INFO: [VRFC 10-307] analyzing entity tb_led_top
INFO: [VRFC 10-163] Analyzing VHDL file "/home/alois/Music/esp32_spi_trials/Basys_3/fpga_spi_slave_simple/fpga/spi_slave_simple.srcs/sim_1/new/tb_led_top.vhd" into library xil_defaultlib
INFO: [VRFC 10-307] analyzing entity tb_led_top
INFO: [VRFC 10-163] Analyzing VHDL file "/home/alois/Music/esp32_spi_trials/Basys_3/fpga_spi_slave_simple/fpga/spi_slave_simple.srcs/sim_1/new/tb_led_top.vhd" into library xil_defaultlib
INFO: [VRFC 10-307] analyzing entity tb_led_top
INFO: [VRFC 10-163] Analyzing VHDL file "/home/alois/Music/esp32_spi_trials/Basys_3/fpga_spi_slave_simple/fpga/spi_slave_simple.srcs/sim_1/new/tb_led_top.vhd" into library xil_defaultlib
INFO: [VRFC 10-307] analyzing entity tb_led_top
INFO: [VRFC 10-163] Analyzing VHDL file "/home/alois/Music/esp32_spi_trials/Basys_3/fpga_spi_slave_simple/fpga/spi_slave_simple.srcs/sim_1/new/tb_led_top.vhd" into library xil_defaultlib
INFO: [VRFC 10-307] analyzing entity tb_led_top
INFO: [VRFC 10-163] Analyzing VHDL file "/home/alois/Music/esp32_spi_trials/Basys_3/fpga_spi_slave_simple/fpga/spi_slave_simple.srcs/sources_1/new/synchronizer.vhd" into library xil_defaultlib
INFO: [VRFC 10-307] analyzing entity synchronizer
INFO: [VRFC 10-163] Analyzing VHDL file "/home/alois/Music/esp32_spi_trials/Basys_3/fpga_spi_slave_simple/fpga/spi_slave_simple.srcs/sources_1/new/spi_slave_simple.vhd" into library xil_defaultlib
INFO: [VRFC 10-307] analyzing entity spi_slave_simple
INFO: [VRFC 10-163] Analyzing VHDL file "/home/alois/Music/esp32_spi_trials/Basys_3/fpga_spi_slave_simple/fpga/spi_slave_simple.srcs/sim_1/new/tb_led_top.vhd" into library xil_defaultlib
INFO: [VRFC 10-307] analyzing entity tb_led_top
INFO: [VRFC 10-163] Analyzing VHDL file "/home/alois/Music/esp32_spi_trials/Basys_3/fpga_spi_slave_simple/fpga/spi_slave_simple.srcs/sources_1/new/spi_slave_simple.vhd" into library xil_defaultlib
INFO: [VRFC 10-307] analyzing entity spi_slave_simple
INFO: [VRFC 10-163] Analyzing VHDL file "/home/alois/Music/esp32_spi_trials/Basys_3/fpga_spi_slave_simple/fpga/spi_slave_simple.srcs/sources_1/new/synchronizer.vhd" into library xil_defaultlib
INFO: [VRFC 10-307] analyzing entity synchronizer
INFO: [VRFC 10-163] Analyzing VHDL file "/home/alois/Music/esp32_spi_trials/Basys_3/fpga_spi_slave_simple/fpga/spi_slave_simple.srcs/sources_1/new/spi_slave_simple.vhd" into library xil_defaultlib
INFO: [VRFC 10-307] analyzing entity spi_slave_simple
INFO: [VRFC 10-163] Analyzing VHDL file "/home/alois/Music/esp32_spi_trials/Basys_3/fpga_spi_slave_simple/fpga/spi_slave_simple.srcs/sim_1/new/tb_led_top.vhd" into library xil_defaultlib
INFO: [VRFC 10-307] analyzing entity tb_led_top
INFO: [VRFC 10-163] Analyzing VHDL file "/home/alois/Music/esp32_spi_trials/Basys_3/fpga_spi_slave_simple/fpga/spi_slave_simple.srcs/sources_1/new/spi_slave_simple.vhd" into library xil_defaultlib
INFO: [VRFC 10-307] analyzing entity spi_slave_simple
INFO: [VRFC 10-163] Analyzing VHDL file "/home/alois/Music/esp32_spi_trials/Basys_3/fpga_spi_slave_simple/fpga/spi_slave_simple.srcs/sources_1/new/spi_slave_simple.vhd" into library xil_defaultlib
INFO: [VRFC 10-307] analyzing entity spi_slave_simple
INFO: [VRFC 10-163] Analyzing VHDL file "/home/alois/Music/esp32_spi_trials/Basys_3/fpga_spi_slave_simple/fpga/spi_slave_simple.srcs/sources_1/new/spi_slave_simple.vhd" into library xil_defaultlib
INFO: [VRFC 10-307] analyzing entity spi_slave_simple
INFO: [VRFC 10-163] Analyzing VHDL file "/home/alois/Music/esp32_spi_trials/Basys_3/fpga_spi_slave_simple/fpga/spi_slave_simple.srcs/sources_1/new/spi_slave_simple.vhd" into library xil_defaultlib
INFO: [VRFC 10-307] analyzing entity spi_slave_simple
INFO: [VRFC 10-163] Analyzing VHDL file "/home/alois/Music/esp32_spi_trials/Basys_3/fpga_spi_slave_simple/fpga/spi_slave_simple.srcs/sources_1/new/spi_slave_simple.vhd" into library xil_defaultlib
INFO: [VRFC 10-307] analyzing entity spi_slave_simple
INFO: [VRFC 10-163] Analyzing VHDL file "/home/alois/Music/esp32_spi_trials/Basys_3/fpga_spi_slave_simple/fpga/spi_slave_simple.srcs/sources_1/new/spi_slave_simple.vhd" into library xil_defaultlib
INFO: [VRFC 10-307] analyzing entity spi_slave_simple
INFO: [VRFC 10-163] Analyzing VHDL file "/home/alois/Music/esp32_spi_trials/Basys_3/fpga_spi_slave_simple/fpga/spi_slave_simple.srcs/sources_1/new/spi_slave_simple.vhd" into library xil_defaultlib
INFO: [VRFC 10-307] analyzing entity spi_slave_simple
INFO: [VRFC 10-163] Analyzing VHDL file "/home/alois/Music/esp32_spi_trials/Basys_3/fpga_spi_slave_simple/fpga/spi_slave_simple.srcs/sim_1/new/tb_led_top.vhd" into library xil_defaultlib
INFO: [VRFC 10-307] analyzing entity tb_led_top
INFO: [VRFC 10-163] Analyzing VHDL file "/home/alois/Music/esp32_spi_trials/Basys_3/fpga_spi_slave_simple/fpga/spi_slave_simple.srcs/sources_1/new/spi_slave_simple.vhd" into library xil_defaultlib
INFO: [VRFC 10-307] analyzing entity spi_slave_simple
INFO: [VRFC 10-163] Analyzing VHDL file "/home/alois/Music/esp32_spi_trials/Basys_3/fpga_spi_slave_simple/fpga/spi_slave_simple.srcs/sources_1/new/spi_slave_simple.vhd" into library xil_defaultlib
INFO: [VRFC 10-307] analyzing entity spi_slave_simple
INFO: [VRFC 10-163] Analyzing VHDL file "/home/alois/Music/esp32_spi_trials/Basys_3/fpga_spi_slave_simple/fpga/spi_slave_simple.srcs/sources_1/new/spi_slave_simple.vhd" into library xil_defaultlib
INFO: [VRFC 10-307] analyzing entity spi_slave_simple
INFO: [VRFC 10-163] Analyzing VHDL file "/home/alois/Music/esp32_spi_trials/Basys_3/fpga_spi_slave_simple/fpga/spi_slave_simple.srcs/sim_1/new/tb_led_top.vhd" into library xil_defaultlib
INFO: [VRFC 10-307] analyzing entity tb_led_top
INFO: [VRFC 10-163] Analyzing VHDL file "/home/alois/Music/esp32_spi_trials/Basys_3/fpga_spi_slave_simple/fpga/spi_slave_simple.srcs/sources_1/new/spi_slave_simple.vhd" into library xil_defaultlib
INFO: [VRFC 10-307] analyzing entity spi_slave_simple
INFO: [VRFC 10-163] Analyzing VHDL file "/home/alois/Music/esp32_spi_trials/Basys_3/fpga_spi_slave_simple/fpga/spi_slave_simple.srcs/sources_1/new/spi_slave_simple.vhd" into library xil_defaultlib
INFO: [VRFC 10-307] analyzing entity spi_slave_simple
INFO: [VRFC 10-163] Analyzing VHDL file "/home/alois/Music/esp32_spi_trials/Basys_3/fpga_spi_slave_simple/fpga/spi_slave_simple.srcs/sources_1/new/spi_slave_simple.vhd" into library xil_defaultlib
INFO: [VRFC 10-307] analyzing entity spi_slave_simple
INFO: [VRFC 10-163] Analyzing VHDL file "/home/alois/Music/esp32_spi_trials/Basys_3/fpga_spi_slave_simple/fpga/spi_slave_simple.srcs/sources_1/new/spi_slave_simple.vhd" into library xil_defaultlib
INFO: [VRFC 10-307] analyzing entity spi_slave_simple
INFO: [VRFC 10-163] Analyzing VHDL file "/home/alois/Music/esp32_spi_trials/Basys_3/fpga_spi_slave_simple/fpga/spi_slave_simple.srcs/sources_1/new/spi_slave_simple.vhd" into library xil_defaultlib
INFO: [VRFC 10-307] analyzing entity spi_slave_simple
INFO: [VRFC 10-163] Analyzing VHDL file "/home/alois/Music/esp32_spi_trials/Basys_3/fpga_spi_slave_simple/fpga/spi_slave_simple.srcs/sources_1/new/spi_slave_simple.vhd" into library xil_defaultlib
INFO: [VRFC 10-307] analyzing entity spi_slave_simple
INFO: [VRFC 10-163] Analyzing VHDL file "/home/alois/Music/esp32_spi_trials/Basys_3/fpga_spi_slave_simple/fpga/spi_slave_simple.srcs/sources_1/new/spi_slave_simple.vhd" into library xil_defaultlib
INFO: [VRFC 10-307] analyzing entity spi_slave_simple
INFO: [VRFC 10-163] Analyzing VHDL file "/home/alois/Music/esp32_spi_trials/Basys_3/fpga_spi_slave_simple/fpga/spi_slave_simple.srcs/sources_1/new/spi_slave_simple.vhd" into library xil_defaultlib
INFO: [VRFC 10-307] analyzing entity spi_slave_simple
INFO: [VRFC 10-163] Analyzing VHDL file "/home/alois/Music/esp32_spi_trials/Basys_3/fpga_spi_slave_simple/fpga/spi_slave_simple.srcs/sources_1/new/spi_slave_simple.vhd" into library xil_defaultlib
INFO: [VRFC 10-307] analyzing entity spi_slave_simple
INFO: [VRFC 10-163] Analyzing VHDL file "/home/alois/Music/esp32_spi_trials/Basys_3/fpga_spi_slave_simple/fpga/spi_slave_simple.srcs/sources_1/new/spi_slave_simple.vhd" into library xil_defaultlib
INFO: [VRFC 10-307] analyzing entity spi_slave_simple
INFO: [VRFC 10-163] Analyzing VHDL file "/home/alois/Music/esp32_spi_trials/Basys_3/fpga_spi_slave_simple/fpga/spi_slave_simple.srcs/sources_1/new/spi_slave_simple.vhd" into library xil_defaultlib
INFO: [VRFC 10-307] analyzing entity spi_slave_simple
INFO: [VRFC 10-163] Analyzing VHDL file "/home/alois/Music/esp32_spi_trials/Basys_3/fpga_spi_slave_simple/fpga/spi_slave_simple.srcs/sources_1/new/spi_slave_simple.vhd" into library xil_defaultlib
INFO: [VRFC 10-307] analyzing entity spi_slave_simple
INFO: [VRFC 10-163] Analyzing VHDL file "/home/alois/Music/esp32_spi_trials/Basys_3/fpga_spi_slave_simple/fpga/spi_slave_simple.srcs/sources_1/new/spi_slave_simple.vhd" into library xil_defaultlib
INFO: [VRFC 10-307] analyzing entity spi_slave_simple
INFO: [VRFC 10-163] Analyzing VHDL file "/home/alois/Music/esp32_spi_trials/Basys_3/fpga_spi_slave_simple/fpga/spi_slave_simple.srcs/sources_1/new/spi_slave_simple.vhd" into library xil_defaultlib
INFO: [VRFC 10-307] analyzing entity spi_slave_simple
INFO: [VRFC 10-163] Analyzing VHDL file "/home/alois/Music/esp32_spi_trials/Basys_3/fpga_spi_slave_simple/fpga/spi_slave_simple.srcs/sources_1/new/spi_slave_simple.vhd" into library xil_defaultlib
INFO: [VRFC 10-307] analyzing entity spi_slave_simple
INFO: [VRFC 10-163] Analyzing VHDL file "/home/alois/Music/esp32_spi_trials/Basys_3/fpga_spi_slave_simple/fpga/spi_slave_simple.srcs/sources_1/new/spi_slave_simple.vhd" into library xil_defaultlib
INFO: [VRFC 10-307] analyzing entity spi_slave_simple
INFO: [VRFC 10-163] Analyzing VHDL file "/home/alois/Music/esp32_spi_trials/Basys_3/fpga_spi_slave_simple/fpga/spi_slave_simple.srcs/sources_1/new/spi_slave_simple.vhd" into library xil_defaultlib
INFO: [VRFC 10-307] analyzing entity spi_slave_simple
INFO: [VRFC 10-163] Analyzing VHDL file "/home/alois/Music/esp32_spi_trials/Basys_3/fpga_spi_slave_simple/fpga/spi_slave_simple.srcs/sources_1/new/spi_slave_simple.vhd" into library xil_defaultlib
INFO: [VRFC 10-307] analyzing entity spi_slave_simple
INFO: [VRFC 10-163] Analyzing VHDL file "/home/alois/Music/esp32_spi_trials/Basys_3/fpga_spi_slave_simple/fpga/spi_slave_simple.srcs/sources_1/new/spi_slave_simple.vhd" into library xil_defaultlib
INFO: [VRFC 10-307] analyzing entity spi_slave_simple
ERROR: [VRFC 10-1412] syntax error near end [/home/alois/Music/esp32_spi_trials/Basys_3/fpga_spi_slave_simple/fpga/spi_slave_simple.srcs/sources_1/new/spi_slave_simple.vhd:98]
ERROR: [VRFC 10-1412] syntax error near process [/home/alois/Music/esp32_spi_trials/Basys_3/fpga_spi_slave_simple/fpga/spi_slave_simple.srcs/sources_1/new/spi_slave_simple.vhd:100]
ERROR: [VRFC 10-1472] type error near state_sync ; expected type  void [/home/alois/Music/esp32_spi_trials/Basys_3/fpga_spi_slave_simple/fpga/spi_slave_simple.srcs/sources_1/new/spi_slave_simple.vhd:100]
ERROR: [VRFC 10-1412] syntax error near process [/home/alois/Music/esp32_spi_trials/Basys_3/fpga_spi_slave_simple/fpga/spi_slave_simple.srcs/sources_1/new/spi_slave_simple.vhd:102]
ERROR: [VRFC 10-1412] syntax error near begin [/home/alois/Music/esp32_spi_trials/Basys_3/fpga_spi_slave_simple/fpga/spi_slave_simple.srcs/sources_1/new/spi_slave_simple.vhd:103]
ERROR: [VRFC 10-1412] syntax error near process [/home/alois/Music/esp32_spi_trials/Basys_3/fpga_spi_slave_simple/fpga/spi_slave_simple.srcs/sources_1/new/spi_slave_simple.vhd:130]
ERROR: [VRFC 10-1472] type error near combinatorial ; expected type  void [/home/alois/Music/esp32_spi_trials/Basys_3/fpga_spi_slave_simple/fpga/spi_slave_simple.srcs/sources_1/new/spi_slave_simple.vhd:130]
ERROR: [VRFC 10-1449] this construct is only supported in VHDL 1076-2008 [/home/alois/Music/esp32_spi_trials/Basys_3/fpga_spi_slave_simple/fpga/spi_slave_simple.srcs/sources_1/new/spi_slave_simple.vhd:132]
ERROR: [VRFC 10-1412] syntax error near behavioral [/home/alois/Music/esp32_spi_trials/Basys_3/fpga_spi_slave_simple/fpga/spi_slave_simple.srcs/sources_1/new/spi_slave_simple.vhd:138]
ERROR: [VRFC 10-1472] type error near behavioral ; expected type  void [/home/alois/Music/esp32_spi_trials/Basys_3/fpga_spi_slave_simple/fpga/spi_slave_simple.srcs/sources_1/new/spi_slave_simple.vhd:138]
INFO: [VRFC 10-240] VHDL file /home/alois/Music/esp32_spi_trials/Basys_3/fpga_spi_slave_simple/fpga/spi_slave_simple.srcs/sources_1/new/spi_slave_simple.vhd ignored due to errors
INFO: [VRFC 10-163] Analyzing VHDL file "/home/alois/Music/esp32_spi_trials/Basys_3/fpga_spi_slave_simple/fpga/spi_slave_simple.srcs/sources_1/new/spi_slave_simple.vhd" into library xil_defaultlib
INFO: [VRFC 10-307] analyzing entity spi_slave_simple
INFO: [VRFC 10-163] Analyzing VHDL file "/home/alois/Music/esp32_spi_trials/Basys_3/fpga_spi_slave_simple/fpga/spi_slave_simple.srcs/sources_1/new/spi_slave_simple.vhd" into library xil_defaultlib
INFO: [VRFC 10-307] analyzing entity spi_slave_simple
INFO: [VRFC 10-163] Analyzing VHDL file "/home/alois/Music/esp32_spi_trials/Basys_3/fpga_spi_slave_simple/fpga/spi_slave_simple.srcs/sources_1/new/spi_slave_simple.vhd" into library xil_defaultlib
INFO: [VRFC 10-307] analyzing entity spi_slave_simple
INFO: [VRFC 10-163] Analyzing VHDL file "/home/alois/Music/esp32_spi_trials/Basys_3/fpga_spi_slave_simple/fpga/spi_slave_simple.srcs/sources_1/new/spi_slave_simple.vhd" into library xil_defaultlib
INFO: [VRFC 10-307] analyzing entity spi_slave_simple
INFO: [VRFC 10-163] Analyzing VHDL file "/home/alois/Music/esp32_spi_trials/Basys_3/fpga_spi_slave_simple/fpga/spi_slave_simple.srcs/sources_1/new/spi_slave_simple.vhd" into library xil_defaultlib
INFO: [VRFC 10-307] analyzing entity spi_slave_simple
