Copyright 1986-2017 Xilinx, Inc. All Rights Reserved.
------------------------------------------------------------------------------------
| Tool Version : Vivado v.2017.4 (lin64) Build 2086221 Fri Dec 15 20:54:30 MST 2017
| Date         : Thu Aug  2 11:08:43 2018
| Host         : bae running 64-bit Ubuntu 16.04.4 LTS
| Command      : report_control_sets -verbose -file led_top_control_sets_placed.rpt
| Design       : led_top
| Device       : xc7a35t
------------------------------------------------------------------------------------

Control Set Information

Table of Contents
-----------------
1. Summary
2. Flip-Flop Distribution
3. Detailed Control Set Information

1. Summary
----------

+----------------------------------------------------------+-------+
|                          Status                          | Count |
+----------------------------------------------------------+-------+
| Number of unique control sets                            |     3 |
| Unused register locations in slices containing registers |    15 |
+----------------------------------------------------------+-------+


2. Flip-Flop Distribution
-------------------------

+--------------+-----------------------+------------------------+-----------------+--------------+
| Clock Enable | Synchronous Set/Reset | Asynchronous Set/Reset | Total Registers | Total Slices |
+--------------+-----------------------+------------------------+-----------------+--------------+
| No           | No                    | No                     |              14 |            4 |
| No           | No                    | Yes                    |               0 |            0 |
| No           | Yes                   | No                     |               0 |            0 |
| Yes          | No                    | No                     |               0 |            0 |
| Yes          | No                    | Yes                    |               0 |            0 |
| Yes          | Yes                   | No                     |               3 |            1 |
+--------------+-----------------------+------------------------+-----------------+--------------+


3. Detailed Control Set Information
-----------------------------------

+----------------------+--------------------------------------+----------------------------------------+------------------+----------------+
|     Clock Signal     |             Enable Signal            |            Set/Reset Signal            | Slice Load Count | Bel Load Count |
+----------------------+--------------------------------------+----------------------------------------+------------------+----------------+
|  CLK100MHZ_IBUF_BUFG | spi_slave_input/ss_sync/flipflops[2] | spi_slave_input/ss_sync/data_o_reg[15] |                1 |              3 |
|  spi_slave_input/CLK |                                      |                                        |                1 |              3 |
|  CLK100MHZ_IBUF_BUFG |                                      |                                        |                3 |             11 |
+----------------------+--------------------------------------+----------------------------------------+------------------+----------------+


+--------+-----------------------+
| Fanout | Number of ControlSets |
+--------+-----------------------+
| 3      |                     2 |
| 11     |                     1 |
+--------+-----------------------+


